Analysis & Synthesis report for Alu16
Fri Nov 09 15:33:27 2018
Quartus II 64-Bit Version 13.0.1 Build 232 06/12/2013 Service Pack 1 SJ Full Version


---------------------
; Table of Contents ;
---------------------
  1. Legal Notice
  2. Analysis & Synthesis Summary
  3. Analysis & Synthesis Settings
  4. Parallel Compilation
  5. Analysis & Synthesis Source Files Read
  6. Analysis & Synthesis Resource Usage Summary
  7. Analysis & Synthesis Resource Utilization by Entity
  8. User-Specified and Inferred Latches
  9. General Register Statistics
 10. Multiplexer Restructuring Statistics (Restructuring Performed)
 11. Parameter Settings for User Entity Instance: Top-level Entity: |Alu16
 12. Elapsed Time Per Partition
 13. Analysis & Synthesis Messages



----------------
; Legal Notice ;
----------------
Copyright (C) 1991-2013 Altera Corporation
Your use of Altera Corporation's design tools, logic functions 
and other software and tools, and its AMPP partner logic 
functions, and any output files from any of the foregoing 
(including device programming or simulation files), and any 
associated documentation or information are expressly subject 
to the terms and conditions of the Altera Program License 
Subscription Agreement, Altera MegaCore Function License 
Agreement, or other applicable license agreement, including, 
without limitation, that your use is for the sole purpose of 
programming logic devices manufactured by Altera and sold by 
Altera or its authorized distributors.  Please refer to the 
applicable agreement for further details.



+--------------------------------------------------------------------------------+
; Analysis & Synthesis Summary                                                   ;
+-----------------------------+--------------------------------------------------+
; Analysis & Synthesis Status ; Successful - Fri Nov 09 15:33:27 2018            ;
; Quartus II 64-Bit Version   ; 13.0.1 Build 232 06/12/2013 SP 1 SJ Full Version ;
; Revision Name               ; Alu16                                            ;
; Top-level Entity Name       ; Alu16                                            ;
; Family                      ; Cyclone                                          ;
; Total logic elements        ; 236                                              ;
; Total pins                  ; 39                                               ;
; Total virtual pins          ; 0                                                ;
; Total memory bits           ; 0                                                ;
; Total PLLs                  ; 0                                                ;
+-----------------------------+--------------------------------------------------+


+----------------------------------------------------------------------------------------------------------------------+
; Analysis & Synthesis Settings                                                                                        ;
+----------------------------------------------------------------------------+--------------------+--------------------+
; Option                                                                     ; Setting            ; Default Value      ;
+----------------------------------------------------------------------------+--------------------+--------------------+
; Device                                                                     ; EP1C12Q240C8       ;                    ;
; Top-level entity name                                                      ; Alu16              ; Alu16              ;
; Family name                                                                ; Cyclone            ; Cyclone IV GX      ;
; Use smart compilation                                                      ; Off                ; Off                ;
; Enable parallel Assembler and TimeQuest Timing Analyzer during compilation ; On                 ; On                 ;
; Enable compact report table                                                ; Off                ; Off                ;
; Restructure Multiplexers                                                   ; Auto               ; Auto               ;
; Create Debugging Nodes for IP Cores                                        ; Off                ; Off                ;
; Preserve fewer node names                                                  ; On                 ; On                 ;
; Disable OpenCore Plus hardware evaluation                                  ; Off                ; Off                ;
; Verilog Version                                                            ; Verilog_2001       ; Verilog_2001       ;
; VHDL Version                                                               ; VHDL_1993          ; VHDL_1993          ;
; State Machine Processing                                                   ; Auto               ; Auto               ;
; Safe State Machine                                                         ; Off                ; Off                ;
; Extract Verilog State Machines                                             ; On                 ; On                 ;
; Extract VHDL State Machines                                                ; On                 ; On                 ;
; Ignore Verilog initial constructs                                          ; Off                ; Off                ;
; Iteration limit for constant Verilog loops                                 ; 5000               ; 5000               ;
; Iteration limit for non-constant Verilog loops                             ; 250                ; 250                ;
; Add Pass-Through Logic to Inferred RAMs                                    ; On                 ; On                 ;
; Infer RAMs from Raw Logic                                                  ; On                 ; On                 ;
; Parallel Synthesis                                                         ; On                 ; On                 ;
; NOT Gate Push-Back                                                         ; On                 ; On                 ;
; Power-Up Don't Care                                                        ; On                 ; On                 ;
; Remove Redundant Logic Cells                                               ; Off                ; Off                ;
; Remove Duplicate Registers                                                 ; On                 ; On                 ;
; Ignore CARRY Buffers                                                       ; Off                ; Off                ;
; Ignore CASCADE Buffers                                                     ; Off                ; Off                ;
; Ignore GLOBAL Buffers                                                      ; Off                ; Off                ;
; Ignore ROW GLOBAL Buffers                                                  ; Off                ; Off                ;
; Ignore LCELL Buffers                                                       ; Off                ; Off                ;
; Ignore SOFT Buffers                                                        ; On                 ; On                 ;
; Limit AHDL Integers to 32 Bits                                             ; Off                ; Off                ;
; Optimization Technique                                                     ; Balanced           ; Balanced           ;
; Carry Chain Length                                                         ; 70                 ; 70                 ;
; Auto Carry Chains                                                          ; On                 ; On                 ;
; Auto Open-Drain Pins                                                       ; On                 ; On                 ;
; Perform WYSIWYG Primitive Resynthesis                                      ; Off                ; Off                ;
; Auto ROM Replacement                                                       ; On                 ; On                 ;
; Auto RAM Replacement                                                       ; On                 ; On                 ;
; Auto Shift Register Replacement                                            ; Auto               ; Auto               ;
; Allow Shift Register Merging across Hierarchies                            ; Auto               ; Auto               ;
; Auto Clock Enable Replacement                                              ; On                 ; On                 ;
; Strict RAM Replacement                                                     ; Off                ; Off                ;
; Allow Synchronous Control Signals                                          ; On                 ; On                 ;
; Force Use of Synchronous Clear Signals                                     ; Off                ; Off                ;
; Auto RAM Block Balancing                                                   ; On                 ; On                 ;
; Auto RAM to Logic Cell Conversion                                          ; Off                ; Off                ;
; Auto Resource Sharing                                                      ; Off                ; Off                ;
; Allow Any RAM Size For Recognition                                         ; Off                ; Off                ;
; Allow Any ROM Size For Recognition                                         ; Off                ; Off                ;
; Allow Any Shift Register Size For Recognition                              ; Off                ; Off                ;
; Use LogicLock Constraints during Resource Balancing                        ; On                 ; On                 ;
; Ignore translate_off and synthesis_off directives                          ; Off                ; Off                ;
; Report Parameter Settings                                                  ; On                 ; On                 ;
; Report Source Assignments                                                  ; On                 ; On                 ;
; Report Connectivity Checks                                                 ; On                 ; On                 ;
; Ignore Maximum Fan-Out Assignments                                         ; Off                ; Off                ;
; Synchronization Register Chain Length                                      ; 2                  ; 2                  ;
; PowerPlay Power Optimization                                               ; Normal compilation ; Normal compilation ;
; HDL message level                                                          ; Level2             ; Level2             ;
; Suppress Register Optimization Related Messages                            ; Off                ; Off                ;
; Number of Removed Registers Reported in Synthesis Report                   ; 5000               ; 5000               ;
; Number of Swept Nodes Reported in Synthesis Report                         ; 5000               ; 5000               ;
; Number of Inverted Registers Reported in Synthesis Report                  ; 100                ; 100                ;
; Clock MUX Protection                                                       ; On                 ; On                 ;
; Block Design Naming                                                        ; Auto               ; Auto               ;
; Synthesis Effort                                                           ; Auto               ; Auto               ;
; Shift Register Replacement - Allow Asynchronous Clear Signal               ; On                 ; On                 ;
; Pre-Mapping Resynthesis Optimization                                       ; Off                ; Off                ;
; Analysis & Synthesis Message Level                                         ; Medium             ; Medium             ;
; Disable Register Merging Across Hierarchies                                ; Auto               ; Auto               ;
; Resource Aware Inference For Block RAM                                     ; On                 ; On                 ;
; Synthesis Seed                                                             ; 1                  ; 1                  ;
+----------------------------------------------------------------------------+--------------------+--------------------+


+------------------------------------------+
; Parallel Compilation                     ;
+----------------------------+-------------+
; Processors                 ; Number      ;
+----------------------------+-------------+
; Number detected on machine ; 4           ;
; Maximum allowed            ; 2           ;
;                            ;             ;
; Average used               ; 1.00        ;
; Maximum used               ; 1           ;
;                            ;             ;
; Usage by Processor         ; % Time Used ;
;     Processor 1            ; 100.0%      ;
;     Processors 2-4         ;   0.0%      ;
+----------------------------+-------------+


+----------------------------------------------------------------------------------------------------------------------------------------------+
; Analysis & Synthesis Source Files Read                                                                                                       ;
+----------------------------------+-----------------+------------------------+------------------------------------------------------+---------+
; File Name with User-Entered Path ; Used in Netlist ; File Type              ; File Name with Absolute Path                         ; Library ;
+----------------------------------+-----------------+------------------------+------------------------------------------------------+---------+
; Alu16.v                          ; yes             ; User Verilog HDL File  ; C:/Users/Administrator/Desktop/Project/Alu16/Alu16.v ;         ;
+----------------------------------+-----------------+------------------------+------------------------------------------------------+---------+


+-----------------------------------------------------+
; Analysis & Synthesis Resource Usage Summary         ;
+---------------------------------------------+-------+
; Resource                                    ; Usage ;
+---------------------------------------------+-------+
; Total logic elements                        ; 236   ;
;     -- Combinational with no register       ; 236   ;
;     -- Register only                        ; 0     ;
;     -- Combinational with a register        ; 0     ;
;                                             ;       ;
; Logic element usage by number of LUT inputs ;       ;
;     -- 4 input functions                    ; 100   ;
;     -- 3 input functions                    ; 91    ;
;     -- 2 input functions                    ; 39    ;
;     -- 1 input functions                    ; 6     ;
;     -- 0 input functions                    ; 0     ;
;                                             ;       ;
; Logic elements by mode                      ;       ;
;     -- normal mode                          ; 168   ;
;     -- arithmetic mode                      ; 68    ;
;     -- qfbk mode                            ; 0     ;
;     -- register cascade mode                ; 0     ;
;     -- synchronous clear/load mode          ; 0     ;
;     -- asynchronous clear/load mode         ; 0     ;
;                                             ;       ;
; Total registers                             ; 0     ;
; Total logic cells in carry chains           ; 72    ;
; I/O pins                                    ; 39    ;
; Maximum fan-out node                        ; S[0]  ;
; Maximum fan-out                             ; 60    ;
; Total fan-out                               ; 778   ;
; Average fan-out                             ; 2.83  ;
+---------------------------------------------+-------+


+-----------------------------------------------------------------------------------------------------------------------------------------------------------------------------------------------------------------------+
; Analysis & Synthesis Resource Utilization by Entity                                                                                                                                                                   ;
+----------------------------+-------------+--------------+-------------+------+--------------+--------------+-------------------+------------------+-----------------+------------+---------------------+--------------+
; Compilation Hierarchy Node ; Logic Cells ; LC Registers ; Memory Bits ; Pins ; Virtual Pins ; LUT-Only LCs ; Register-Only LCs ; LUT/Register LCs ; Carry Chain LCs ; Packed LCs ; Full Hierarchy Name ; Library Name ;
+----------------------------+-------------+--------------+-------------+------+--------------+--------------+-------------------+------------------+-----------------+------------+---------------------+--------------+
; |Alu16                     ; 236 (236)   ; 0            ; 0           ; 39   ; 0            ; 236 (236)    ; 0 (0)             ; 0 (0)            ; 72 (72)         ; 0 (0)      ; |Alu16              ; work         ;
+----------------------------+-------------+--------------+-------------+------+--------------+--------------+-------------------+------------------+-----------------+------------+---------------------+--------------+
Note: For table entries with two numbers listed, the numbers in parentheses indicate the number of resources of the given type used by the specific entity alone. The numbers listed outside of parentheses indicate the total resources of the given type used by the specific entity and all of its sub-entities in the hierarchy.


+----------------------------------------------------------------------------------------------------+
; User-Specified and Inferred Latches                                                                ;
+-----------------------------------------------------+---------------------+------------------------+
; Latch Name                                          ; Latch Enable Signal ; Free of Timing Hazards ;
+-----------------------------------------------------+---------------------+------------------------+
; B[0]                                                ; Decoder0            ; yes                    ;
; A[0]                                                ; Decoder0            ; yes                    ;
; S[0]                                                ; Decoder0            ; yes                    ;
; S[2]                                                ; Decoder0            ; yes                    ;
; S[1]                                                ; Decoder0            ; yes                    ;
; A[1]                                                ; Decoder0            ; yes                    ;
; S[3]                                                ; Decoder0            ; yes                    ;
; B[1]                                                ; Decoder0            ; yes                    ;
; A[2]                                                ; Decoder0            ; yes                    ;
; B[2]                                                ; Decoder0            ; yes                    ;
; A[3]                                                ; Decoder0            ; yes                    ;
; B[3]                                                ; Decoder0            ; yes                    ;
; A[4]                                                ; Decoder0            ; yes                    ;
; B[4]                                                ; Decoder0            ; yes                    ;
; A[5]                                                ; Decoder0            ; yes                    ;
; B[5]                                                ; Decoder0            ; yes                    ;
; A[6]                                                ; Decoder0            ; yes                    ;
; B[6]                                                ; Decoder0            ; yes                    ;
; A[7]                                                ; Decoder0            ; yes                    ;
; B[7]                                                ; Decoder0            ; yes                    ;
; A[8]                                                ; Decoder0            ; yes                    ;
; B[8]                                                ; Decoder0            ; yes                    ;
; A[9]                                                ; Decoder0            ; yes                    ;
; B[9]                                                ; Decoder0            ; yes                    ;
; A[10]                                               ; Decoder0            ; yes                    ;
; B[10]                                               ; Decoder0            ; yes                    ;
; A[11]                                               ; Decoder0            ; yes                    ;
; B[11]                                               ; Decoder0            ; yes                    ;
; A[12]                                               ; Decoder0            ; yes                    ;
; B[12]                                               ; Decoder0            ; yes                    ;
; A[13]                                               ; Decoder0            ; yes                    ;
; B[13]                                               ; Decoder0            ; yes                    ;
; A[14]                                               ; Decoder0            ; yes                    ;
; B[14]                                               ; Decoder0            ; yes                    ;
; A[15]                                               ; Decoder0            ; yes                    ;
; B[15]                                               ; Decoder0            ; yes                    ;
; A[16]                                               ; Decoder0            ; yes                    ;
; C$latch                                             ; Mux18               ; yes                    ;
; B[16]                                               ; Decoder0            ; yes                    ;
; Number of user-specified and inferred latches = 39  ;                     ;                        ;
+-----------------------------------------------------+---------------------+------------------------+
Note: All latches listed above may not be present at the end of synthesis due to various synthesis optimizations.


+------------------------------------------------------+
; General Register Statistics                          ;
+----------------------------------------------+-------+
; Statistic                                    ; Value ;
+----------------------------------------------+-------+
; Total registers                              ; 0     ;
; Number of registers using Synchronous Clear  ; 0     ;
; Number of registers using Synchronous Load   ; 0     ;
; Number of registers using Asynchronous Clear ; 0     ;
; Number of registers using Asynchronous Load  ; 0     ;
; Number of registers using Clock Enable       ; 0     ;
; Number of registers using Preset             ; 0     ;
+----------------------------------------------+-------+


+------------------------------------------------------------------------------------------------------------------------------------------+
; Multiplexer Restructuring Statistics (Restructuring Performed)                                                                           ;
+--------------------+-----------+---------------+----------------------+------------------------+------------+----------------------------+
; Multiplexer Inputs ; Bus Width ; Baseline Area ; Area if Restructured ; Saving if Restructured ; Registered ; Example Multiplexer Output ;
+--------------------+-----------+---------------+----------------------+------------------------+------------+----------------------------+
; 12:1               ; 14 bits   ; 112 LEs       ; 84 LEs               ; 28 LEs                 ; No         ; |Alu16|Mux14               ;
+--------------------+-----------+---------------+----------------------+------------------------+------------+----------------------------+


+-----------------------------------------------------------------------+
; Parameter Settings for User Entity Instance: Top-level Entity: |Alu16 ;
+----------------+-------+----------------------------------------------+
; Parameter Name ; Value ; Type                                         ;
+----------------+-------+----------------------------------------------+
; bit_width      ; 16    ; Signed Integer                               ;
+----------------+-------+----------------------------------------------+
Note: In order to hide this table in the UI and the text report file, please set the "Show Parameter Settings in Synthesis Report" option in "Analysis and Synthesis Settings -> More Settings" to "Off".


+-------------------------------+
; Elapsed Time Per Partition    ;
+----------------+--------------+
; Partition Name ; Elapsed Time ;
+----------------+--------------+
; Top            ; 00:00:00     ;
+----------------+--------------+


+-------------------------------+
; Analysis & Synthesis Messages ;
+-------------------------------+
Info: *******************************************************************
Info: Running Quartus II 64-Bit Analysis & Synthesis
    Info: Version 13.0.1 Build 232 06/12/2013 Service Pack 1 SJ Full Version
    Info: Processing started: Fri Nov 09 15:33:25 2018
Info: Command: quartus_map --read_settings_files=on --write_settings_files=off Alu16 -c Alu16
Info (11104): Parallel Compilation has detected 4 hyper-threaded processors. However, the extra hyper-threaded processors will not be used by default. Parallel Compilation will use 2 of the 2 physical processors detected instead.
Info (12021): Found 1 design units, including 1 entities, in source file alu16.v
    Info (12023): Found entity 1: Alu16
Info (12127): Elaborating entity "Alu16" for the top level hierarchy
Warning (10270): Verilog HDL Case Statement warning at Alu16.v(14): incomplete case statement has no default case item
Warning (10240): Verilog HDL Always Construct warning at Alu16.v(13): inferring latch(es) for variable "S", which holds its previous value in one or more paths through the always construct
Warning (10240): Verilog HDL Always Construct warning at Alu16.v(13): inferring latch(es) for variable "B", which holds its previous value in one or more paths through the always construct
Warning (10240): Verilog HDL Always Construct warning at Alu16.v(13): inferring latch(es) for variable "A", which holds its previous value in one or more paths through the always construct
Warning (10230): Verilog HDL assignment warning at Alu16.v(24): truncated value with size 32 to match size of target (18)
Warning (10230): Verilog HDL assignment warning at Alu16.v(25): truncated value with size 32 to match size of target (18)
Warning (10230): Verilog HDL assignment warning at Alu16.v(26): truncated value with size 32 to match size of target (18)
Warning (10240): Verilog HDL Always Construct warning at Alu16.v(19): inferring latch(es) for variable "C", which holds its previous value in one or more paths through the always construct
Warning (10240): Verilog HDL Always Construct warning at Alu16.v(19): inferring latch(es) for variable "d", which holds its previous value in one or more paths through the always construct
Info (10041): Inferred latch for "C" at Alu16.v(19)
Info (10041): Inferred latch for "A[0]" at Alu16.v(13)
Info (10041): Inferred latch for "A[1]" at Alu16.v(13)
Info (10041): Inferred latch for "A[2]" at Alu16.v(13)
Info (10041): Inferred latch for "A[3]" at Alu16.v(13)
Info (10041): Inferred latch for "A[4]" at Alu16.v(13)
Info (10041): Inferred latch for "A[5]" at Alu16.v(13)
Info (10041): Inferred latch for "A[6]" at Alu16.v(13)
Info (10041): Inferred latch for "A[7]" at Alu16.v(13)
Info (10041): Inferred latch for "A[8]" at Alu16.v(13)
Info (10041): Inferred latch for "A[9]" at Alu16.v(13)
Info (10041): Inferred latch for "A[10]" at Alu16.v(13)
Info (10041): Inferred latch for "A[11]" at Alu16.v(13)
Info (10041): Inferred latch for "A[12]" at Alu16.v(13)
Info (10041): Inferred latch for "A[13]" at Alu16.v(13)
Info (10041): Inferred latch for "A[14]" at Alu16.v(13)
Info (10041): Inferred latch for "A[15]" at Alu16.v(13)
Info (10041): Inferred latch for "A[16]" at Alu16.v(13)
Info (10041): Inferred latch for "B[0]" at Alu16.v(13)
Info (10041): Inferred latch for "B[1]" at Alu16.v(13)
Info (10041): Inferred latch for "B[2]" at Alu16.v(13)
Info (10041): Inferred latch for "B[3]" at Alu16.v(13)
Info (10041): Inferred latch for "B[4]" at Alu16.v(13)
Info (10041): Inferred latch for "B[5]" at Alu16.v(13)
Info (10041): Inferred latch for "B[6]" at Alu16.v(13)
Info (10041): Inferred latch for "B[7]" at Alu16.v(13)
Info (10041): Inferred latch for "B[8]" at Alu16.v(13)
Info (10041): Inferred latch for "B[9]" at Alu16.v(13)
Info (10041): Inferred latch for "B[10]" at Alu16.v(13)
Info (10041): Inferred latch for "B[11]" at Alu16.v(13)
Info (10041): Inferred latch for "B[12]" at Alu16.v(13)
Info (10041): Inferred latch for "B[13]" at Alu16.v(13)
Info (10041): Inferred latch for "B[14]" at Alu16.v(13)
Info (10041): Inferred latch for "B[15]" at Alu16.v(13)
Info (10041): Inferred latch for "B[16]" at Alu16.v(13)
Info (10041): Inferred latch for "S[0]" at Alu16.v(13)
Info (10041): Inferred latch for "S[1]" at Alu16.v(13)
Info (10041): Inferred latch for "S[2]" at Alu16.v(13)
Info (10041): Inferred latch for "S[3]" at Alu16.v(13)
Info (13025): Duplicate LATCH primitives merged into single LATCH primitive
    Info (13026): Duplicate LATCH primitive "A[16]" merged with LATCH primitive "A[15]"
    Info (13026): Duplicate LATCH primitive "B[16]" merged with LATCH primitive "B[15]"
Warning (13012): Latch C$latch has unsafe behavior
    Warning (13013): Ports D and ENA on the latch are fed by the same signal S[3]
Info (16010): Generating hard_block partition "hard_block:auto_generated_inst"
    Info (16011): Adding 0 node(s), including 0 DDIO, 0 PLL, 0 transceiver and 0 LCELL
Info (21057): Implemented 275 device resources after synthesis - the final resource count might be different
    Info (21058): Implemented 18 input pins
    Info (21059): Implemented 21 output pins
    Info (21061): Implemented 236 logic cells
Info: Quartus II 64-Bit Analysis & Synthesis was successful. 0 errors, 11 warnings
    Info: Peak virtual memory: 4606 megabytes
    Info: Processing ended: Fri Nov 09 15:33:27 2018
    Info: Elapsed time: 00:00:02
    Info: Total CPU time (on all processors): 00:00:02


